<?xml version="1.0" encoding="UTF-8"?>
<testng-results ignored="0" total="1" passed="1" failed="0" skipped="0">
  <reporter-output>
  </reporter-output>
  <suite started-at="2022-01-20T01:56:27 EST" name="Default suite" finished-at="2022-01-20T01:56:43 EST" duration-ms="15602">
    <groups>
    </groups>
    <test started-at="2022-01-20T01:56:27 EST" name="Default test" finished-at="2022-01-20T01:56:43 EST" duration-ms="15602">
      <class name="com.runTestPackage.MayoClinicRun">
        <test-method is-config="true" signature="setUp()[pri:0, instance:com.runTestPackage.MayoClinicRun@6a400542]" started-at="2022-01-20T01:56:27 EST" name="setUp" finished-at="2022-01-20T01:56:35 EST" duration-ms="7742" status="PASS">
          <reporter-output>
          </reporter-output>
        </test-method> <!-- setUp -->
        <test-method is-config="true" signature="initialization()[pri:0, instance:com.runTestPackage.MayoClinicRun@6a400542]" started-at="2022-01-20T01:56:35 EST" name="initialization" finished-at="2022-01-20T01:56:35 EST" duration-ms="28" status="PASS">
          <reporter-output>
          </reporter-output>
        </test-method> <!-- initialization -->
        <test-method signature="newAccount()[pri:0, instance:com.runTestPackage.MayoClinicRun@6a400542]" started-at="2022-01-20T01:56:35 EST" name="newAccount" finished-at="2022-01-20T01:56:41 EST" duration-ms="6551" status="PASS">
          <reporter-output>
          </reporter-output>
        </test-method> <!-- newAccount -->
        <test-method is-config="true" signature="tearUp()[pri:0, instance:com.runTestPackage.MayoClinicRun@6a400542]" started-at="2022-01-20T01:56:41 EST" name="tearUp" finished-at="2022-01-20T01:56:43 EST" duration-ms="1229" status="PASS">
          <reporter-output>
          </reporter-output>
        </test-method> <!-- tearUp -->
      </class> <!-- com.runTestPackage.MayoClinicRun -->
    </test> <!-- Default test -->
  </suite> <!-- Default suite -->
</testng-results>
